<?xml version="1.0" encoding="UTF-8"?>
<testng-results ignored="0" total="2" passed="2" failed="0" skipped="0">
  <reporter-output>
  </reporter-output>
  <suite started-at="2022-08-17T09:49:42Z" name="RegistLogin" finished-at="2022-08-17T09:49:42Z" duration-ms="28">
    <groups>
    </groups>
    <test started-at="2022-08-17T09:49:42Z" name="newTest" finished-at="2022-08-17T09:49:42Z" duration-ms="28">
      <class name="mavenone.NewTest">
        <test-method signature="f()[pri:0, instance:mavenone.NewTest@3ee0fea4]" started-at="2022-08-17T09:49:42Z" name="f" finished-at="2022-08-17T09:49:42Z" duration-ms="11" status="PASS">
          <reporter-output>
          </reporter-output>
        </test-method> <!-- f -->
        <test-method signature="w()[pri:0, instance:mavenone.NewTest@3ee0fea4]" started-at="2022-08-17T09:49:42Z" name="w" finished-at="2022-08-17T09:49:42Z" duration-ms="1" status="PASS">
          <reporter-output>
          </reporter-output>
        </test-method> <!-- w -->
      </class> <!-- mavenone.NewTest -->
    </test> <!-- newTest -->
  </suite> <!-- RegistLogin -->
  <suite started-at="2022-08-17T09:49:42Z" name="more suites testing" finished-at="2022-08-17T09:49:42Z" duration-ms="0">
    <groups>
    </groups>
  </suite> <!-- more suites testing -->
</testng-results>
