<?xml version="1.0" encoding="UTF-8"?>
<testng-results ignored="0" total="1" passed="1" failed="0" skipped="0">
  <reporter-output>
  </reporter-output>
  <suite started-at="2022-08-17T03:00:04Z" name="RegistLogin" finished-at="2022-08-17T03:00:04Z" duration-ms="28">
    <groups>
    </groups>
    <test started-at="2022-08-17T03:00:04Z" name="newTest" finished-at="2022-08-17T03:00:04Z" duration-ms="28">
      <class name="mavenone.NewTest">
        <test-method signature="f()[pri:0, instance:mavenone.NewTest@358c99f5]" started-at="2022-08-17T03:00:04Z" name="f" finished-at="2022-08-17T03:00:04Z" duration-ms="12" status="PASS">
          <reporter-output>
          </reporter-output>
        </test-method> <!-- f -->
      </class> <!-- mavenone.NewTest -->
    </test> <!-- newTest -->
  </suite> <!-- RegistLogin -->
</testng-results>
